<?xml version="1.0" encoding="UTF-8"?>
<testsuite name="First" tests="4" skipped="0" failures="0" errors="0" timestamp="2020-05-24T18:42:50" hostname="DESKTOP-0ST119G" time="0.118">
  <properties/>
  <testcase name="one plus one should equal two" classname="First" time="0.091"/>
  <testcase name="two plus two should equal four" classname="First" time="0.002"/>
  <testcase name="Should be able to remove from list" classname="First" time="0.017"/>
  <testcase name="numbers to the power of two" classname="First" time="0.006"/>
  <system-out><![CDATA[]]></system-out>
  <system-err><![CDATA[]]></system-err>
</testsuite>
